<?xml version="1.0" encoding="UTF-8"?>
<testsuite name="net.petrikainulainen.junit5.JUnit5NestedExampleTest" tests="2" skipped="0" failures="0" errors="0" timestamp="2020-08-16T18:27:15" hostname="INV-9796" time="2.419">
  <properties/>
  <testcase name="testGetUsers()" classname="net.petrikainulainen.junit5.JUnit5NestedExampleTest" time="2.232"/>
  <testcase name="editUser()" classname="net.petrikainulainen.junit5.JUnit5NestedExampleTest" time="0.185"/>
  <system-out><![CDATA[{"Data":[{"Id":6,"Role":"Admin","Status":"Active","Username":"przemek32","FirstName":"Testowy","LastName":"User"},{"Id":5,"Role":"Admin","Status":"Active","Username":"dupskoasd","FirstName":"przemek","LastName":"dupsko"},{"Id":4,"Role":"Admin","Status":"Active","Username":"dupsko","FirstName":"przemek","LastName":"dupsko"},{"Id":3,"Role":"Admin","Status":"Active","Username":"przemek2","FirstName":"Przemek","LastName":"Wisniewski"},{"Id":2,"Role":"Employee","Status":"Active","Username":"przemek2333","FirstName":"bbbl","LastName":"ccc"},{"Id":1,"Role":"Admin","Status":"Active","Username":"admin","FirstName":"First","LastName":"Admin"}],"Success":true}
http://localhost:8080/user/5
{"Data":{"Id":5,"Role":"Admin","Status":"Active","Username":"przemek323","FirstName":"dupsko","LastName":"UserZmieniony","PhoneNumber":"333444555","Email":"dupsko@o2.pl"},"Success":true}
]]></system-out>
  <system-err><![CDATA[]]></system-err>
</testsuite>
