<?xml version="1.0" encoding="UTF-8"?>
<testsuite name="net.petrikainulainen.junit5.JUnit5NestedExampleTest" tests="1" skipped="0" failures="0" errors="0" timestamp="2020-08-16T11:00:02" hostname="iron-300E4A-300E5A-300E7A-3430EA-3530EA" time="4.409">
  <properties/>
  <testcase name="simple_get_test()" classname="net.petrikainulainen.junit5.JUnit5NestedExampleTest" time="4.409"/>
  <system-out><![CDATA[<html>
  <body>{"result:":{"statements":[{"TRANSACTION_ID":"12","ACCOUNT_NO":"1","DATE_OF_TRANSACTION":"2013-11-16","AMOUNT":"500","TRANSACTION_TYPE":"D","DESCRIPTION":"Initial Deposit"},{"TRANSACTION_ID":"23","ACCOUNT_NO":"1","DATE_OF_TRANSACTION":"2013-11-17","AMOUNT":"14","TRANSACTION_TYPE":"t","DESCRIPTION":"yi Tansfer From 14"},{"TRANSACTION_ID":"25","ACCOUNT_NO":"1","DATE_OF_TRANSACTION":"2013-11-18","AMOUNT":"1","TRANSACTION_TYPE":"t","DESCRIPTION":"hgg Tansfer From 15"},{"TRANSACTION_ID":"49745","ACCOUNT_NO":"1","DATE_OF_TRANSACTION":"2017-04-13","AMOUNT":"0","TRANSACTION_TYPE":"t","DESCRIPTION":"0 Tansfer From 1"},{"TRANSACTION_ID":"94867","ACCOUNT_NO":"1","DATE_OF_TRANSACTION":"2018-11-21","AMOUNT":"500","TRANSACTION_TYPE":"t","DESCRIPTION":"cash Tansfer From 14"}]},"message":{"ErrorCode:":0,"ErrorMsg:":"Success"}}</body>
</html>
]]></system-out>
  <system-err><![CDATA[]]></system-err>
</testsuite>
